<?xml version="1.0" encoding="UTF-8"?>
<testng-results ignored="0" total="1" passed="1" failed="0" skipped="0">
  <reporter-output>
  </reporter-output>
  <suite started-at="2023-08-07T15:07:22 IST" name="Default suite" finished-at="2023-08-07T15:07:58 IST" duration-ms="35657">
    <groups>
    </groups>
    <test started-at="2023-08-07T15:07:22 IST" name="Default test" finished-at="2023-08-07T15:07:58 IST" duration-ms="35657">
      <class name="shopdemo.shopdemo.Extentreport">
        <test-method is-config="true" signature="setExtent()[pri:0, instance:shopdemo.shopdemo.Extentreport@7c137fd5]" started-at="2023-08-07T15:07:22 IST" name="setExtent" finished-at="2023-08-07T15:07:23 IST" duration-ms="915" status="PASS">
          <reporter-output>
          </reporter-output>
        </test-method> <!-- setExtent -->
        <test-method is-config="true" signature="setup()[pri:0, instance:shopdemo.shopdemo.Extentreport@7c137fd5]" started-at="2023-08-07T15:07:23 IST" name="setup" finished-at="2023-08-07T15:07:55 IST" duration-ms="32183" status="PASS">
          <reporter-output>
          </reporter-output>
        </test-method> <!-- setup -->
        <test-method signature="test()[pri:0, instance:shopdemo.shopdemo.Extentreport@7c137fd5]" started-at="2023-08-07T15:07:55 IST" name="test" finished-at="2023-08-07T15:07:55 IST" duration-ms="59" status="PASS">
          <reporter-output>
          </reporter-output>
        </test-method> <!-- test -->
        <test-method is-config="true" signature="teardown(org.testng.ITestResult)[pri:0, instance:shopdemo.shopdemo.Extentreport@7c137fd5]" started-at="2023-08-07T15:07:55 IST" name="teardown" finished-at="2023-08-07T15:07:57 IST" duration-ms="1264" status="PASS">
          <params>
            <param index="0">
              <value>
                <![CDATA[[TestResult name=test status=SUCCESS method=Extentreport.test()[pri:0, instance:shopdemo.shopdemo.Extentreport@7c137fd5] output={null}]]]>
              </value>
            </param>
          </params>
          <reporter-output>
          </reporter-output>
        </test-method> <!-- teardown -->
        <test-method is-config="true" signature="teardown()[pri:0, instance:shopdemo.shopdemo.Extentreport@7c137fd5]" started-at="2023-08-07T15:07:57 IST" name="teardown" finished-at="2023-08-07T15:07:58 IST" duration-ms="1113" status="PASS">
          <reporter-output>
          </reporter-output>
        </test-method> <!-- teardown -->
      </class> <!-- shopdemo.shopdemo.Extentreport -->
    </test> <!-- Default test -->
  </suite> <!-- Default suite -->
</testng-results>
